<?xml version="1.0" encoding="UTF-8"?><testsuite errors="0" failures="1" name="com.gorest.gorestappinfo.TagTest" skipped="0" tests="1" time="15.19" timestamp="2023-01-10T13:20:04.550Z[Europe/London]"><testcase classname="com.gorest.gorestappinfo.TagTest" name="Provide a 405 status code when incorrect HTTP method is used to access resource"><failure message="1 expectation failed.&#10;Expected status code &lt;405&gt; but was &lt;401&gt;.&#10;" type="java.lang.AssertionError">1 expectation failed.
Expected status code &lt;405&gt; but was &lt;401&gt;.
</failure><system-err>1 expectation failed.
Expected status code &lt;405&gt; but was &lt;401&gt;.
&#13;
io.restassured.internal.ResponseSpecificationImpl.validateResponseIfRequired(ResponseSpecificationImpl.groovy:636)&#13;
io.restassured.internal.ResponseSpecificationImpl.statusCode(ResponseSpecificationImpl.groovy:122)&#13;
io.restassured.internal.ResponseSpecificationImpl.statusCode(ResponseSpecificationImpl.groovy:130)&#13;
io.restassured.internal.ValidatableResponseOptionsImpl.statusCode(ValidatableResponseOptionsImpl.java:117)&#13;
com.gorest.gorestappinfo.TagTest.invalidMethod(TagTest.java:24)&#13;
</system-err></testcase></testsuite>